# JRE version: OpenJDK Runtime Environment (8.0_152-b06) (build 1.8.0_152-release-1136-b06)
# Java VM: OpenJDK 64-Bit Server VM (25.152-b06 mixed mode windows-amd64 compressed oops)
Heap:
 PSYoungGen      total 405504K, used 15341K [0x00000000e0000000, 0x00000000ffa00000, 0x0000000100000000)
  eden space 294400K, 0% used [0x00000000e0000000,0x00000000e0000000,0x00000000f1f80000)
  from space 111104K, 13% used [0x00000000f1f80000,0x00000000f2e7b4b0,0x00000000f8c00000)
  to   space 107008K, 0% used [0x00000000f9180000,0x00000000f9180000,0x00000000ffa00000)
 ParOldGen       total 394752K, used 378898K [0x00000000a0000000, 0x00000000b8180000, 0x00000000e0000000)
  object space 394752K, 95% used [0x00000000a0000000,0x00000000b72049e0,0x00000000b8180000)
 Metaspace       used 112528K, capacity 119605K, committed 119808K, reserved 1153024K
  class space    used 13919K, capacity 15339K, committed 15360K, reserved 1048576K
GC Heap History (10 events):
Event: 13233.986 GC heap after
Heap after GC invocations=76 (full 5):
 PSYoungGen      total 404992K, used 10081K [0x00000000e0000000, 0x00000000fff00000, 0x0000000100000000)
  eden space 285696K, 0% used [0x00000000e0000000,0x00000000e0000000,0x00000000f1700000)
  from space 119296K, 8% used [0x00000000f1700000,0x00000000f20d8660,0x00000000f8b80000)
  to   space 118272K, 0% used [0x00000000f8b80000,0x00000000f8b80000,0x00000000fff00000)
 ParOldGen       total 394752K, used 344513K [0x00000000a0000000, 0x00000000b8180000, 0x00000000e0000000)
  object space 394752K, 87% used [0x00000000a0000000,0x00000000b50707f8,0x00000000b8180000)
 Metaspace       used 112507K, capacity 119541K, committed 119808K, reserved 1153024K
  class space    used 13919K, capacity 15339K, committed 15360K, reserved 1048576K
}
Event: 13234.344 GC heap before
{Heap before GC invocations=77 (full 5):
 PSYoungGen      total 404992K, used 295777K [0x00000000e0000000, 0x00000000fff00000, 0x0000000100000000)
  eden space 285696K, 100% used [0x00000000e0000000,0x00000000f1700000,0x00000000f1700000)
  from space 119296K, 8% used [0x00000000f1700000,0x00000000f20d8660,0x00000000f8b80000)
  to   space 118272K, 0% used [0x00000000f8b80000,0x00000000f8b80000,0x00000000fff00000)
 ParOldGen       total 394752K, used 344569K [0x00000000a0000000, 0x00000000b8180000, 0x00000000e0000000)
  object space 394752K, 87% used [0x00000000a0000000,0x00000000b507e560,0x00000000b8180000)
 Metaspace       used 112515K, capacity 119605K, committed 119808K, reserved 1153024K
  class space    used 13919K, capacity 15339K, committed 15360K, reserved 1048576K
Event: 13234.367 GC heap after
Heap after GC invocations=77 (full 5):
 PSYoungGen      total 400896K, used 13097K [0x00000000e0000000, 0x00000000ffb00000, 0x0000000100000000)
  eden space 286720K, 0% used [0x00000000e0000000,0x00000000e0000000,0x00000000f1800000)
  from space 114176K, 11% used [0x00000000f8b80000,0x00000000f984a738,0x00000000ffb00000)
  to   space 116224K, 0% used [0x00000000f1800000,0x00000000f1800000,0x00000000f8980000)
 ParOldGen       total 394752K, used 351297K [0x00000000a0000000, 0x00000000b8180000, 0x00000000e0000000)
  object space 394752K, 88% used [0x00000000a0000000,0x00000000b5710540,0x00000000b8180000)
 Metaspace       used 112515K, capacity 119605K, committed 119808K, reserved 1153024K
  class space    used 13919K, capacity 15339K, committed 15360K, reserved 1048576K
}
Event: 13234.631 GC heap before
{Heap before GC invocations=78 (full 5):
 PSYoungGen      total 400896K, used 299817K [0x00000000e0000000, 0x00000000ffb00000, 0x0000000100000000)
  eden space 286720K, 100% used [0x00000000e0000000,0x00000000f1800000,0x00000000f1800000)
  from space 114176K, 11% used [0x00000000f8b80000,0x00000000f984a738,0x00000000ffb00000)
  to   space 116224K, 0% used [0x00000000f1800000,0x00000000f1800000,0x00000000f8980000)
 ParOldGen       total 394752K, used 351353K [0x00000000a0000000, 0x00000000b8180000, 0x00000000e0000000)
  object space 394752K, 89% used [0x00000000a0000000,0x00000000b571e690,0x00000000b8180000)
 Metaspace       used 112516K, capacity 119605K, committed 119808K, reserved 1153024K
  class space    used 13919K, capacity 15339K, committed 15360K, reserved 1048576K
Event: 13234.653 GC heap after
Heap after GC invocations=78 (full 5):
 PSYoungGen      total 402944K, used 11817K [0x00000000e0000000, 0x00000000ffd00000, 0x0000000100000000)
  eden space 286720K, 0% used [0x00000000e0000000,0x00000000e0000000,0x00000000f1800000)
  from space 116224K, 10% used [0x00000000f1800000,0x00000000f238a5e0,0x00000000f8980000)
  to   space 113664K, 0% used [0x00000000f8e00000,0x00000000f8e00000,0x00000000ffd00000)
 ParOldGen       total 394752K, used 361401K [0x00000000a0000000, 0x00000000b8180000, 0x00000000e0000000)
  object space 394752K, 91% used [0x00000000a0000000,0x00000000b60ee7c0,0x00000000b8180000)
 Metaspace       used 112516K, capacity 119605K, committed 119808K, reserved 1153024K
  class space    used 13919K, capacity 15339K, committed 15360K, reserved 1048576K
}
Event: 13234.956 GC heap before
{Heap before GC invocations=79 (full 5):
 PSYoungGen      total 402944K, used 298537K [0x00000000e0000000, 0x00000000ffd00000, 0x0000000100000000)
  eden space 286720K, 100% used [0x00000000e0000000,0x00000000f1800000,0x00000000f1800000)
  from space 116224K, 10% used [0x00000000f1800000,0x00000000f238a5e0,0x00000000f8980000)
  to   space 113664K, 0% used [0x00000000f8e00000,0x00000000f8e00000,0x00000000ffd00000)
 ParOldGen       total 394752K, used 361401K [0x00000000a0000000, 0x00000000b8180000, 0x00000000e0000000)
  object space 394752K, 91% used [0x00000000a0000000,0x00000000b60ee7c0,0x00000000b8180000)
 Metaspace       used 112517K, capacity 119605K, committed 119808K, reserved 1153024K
  class space    used 13919K, capacity 15339K, committed 15360K, reserved 1048576K
Event: 13234.978 GC heap after
Heap after GC invocations=79 (full 5):
 PSYoungGen      total 403456K, used 9294K [0x00000000e0000000, 0x00000000ff880000, 0x0000000100000000)
  eden space 294400K, 0% used [0x00000000e0000000,0x00000000e0000000,0x00000000f1f80000)
  from space 109056K, 8% used [0x00000000f8e00000,0x00000000f9713bd8,0x00000000ff880000)
  to   space 111104K, 0% used [0x00000000f1f80000,0x00000000f1f80000,0x00000000f8c00000)
 ParOldGen       total 394752K, used 370349K [0x00000000a0000000, 0x00000000b8180000, 0x00000000e0000000)
  object space 394752K, 93% used [0x00000000a0000000,0x00000000b69ab498,0x00000000b8180000)
 Metaspace       used 112517K, capacity 119605K, committed 119808K, reserved 1153024K
  class space    used 13919K, capacity 15339K, committed 15360K, reserved 1048576K
}
Event: 13235.265 GC heap before
{Heap before GC invocations=80 (full 5):
 PSYoungGen      total 403456K, used 303694K [0x00000000e0000000, 0x00000000ff880000, 0x0000000100000000)
  eden space 294400K, 100% used [0x00000000e0000000,0x00000000f1f80000,0x00000000f1f80000)
  from space 109056K, 8% used [0x00000000f8e00000,0x00000000f9713bd8,0x00000000ff880000)
  to   space 111104K, 0% used [0x00000000f1f80000,0x00000000f1f80000,0x00000000f8c00000)
 ParOldGen       total 394752K, used 370349K [0x00000000a0000000, 0x00000000b8180000, 0x00000000e0000000)
  object space 394752K, 93% used [0x00000000a0000000,0x00000000b69ab498,0x00000000b8180000)
 Metaspace       used 112528K, capacity 119605K, committed 119808K, reserved 1153024K
  class space    used 13919K, capacity 15339K, committed 15360K, reserved 1048576K
Event: 13235.289 GC heap after
Heap after GC invocations=80 (full 5):
 PSYoungGen      total 405504K, used 15341K [0x00000000e0000000, 0x00000000ffa00000, 0x0000000100000000)
  eden space 294400K, 0% used [0x00000000e0000000,0x00000000e0000000,0x00000000f1f80000)
  from space 111104K, 13% used [0x00000000f1f80000,0x00000000f2e7b4b0,0x00000000f8c00000)
  to   space 107008K, 0% used [0x00000000f9180000,0x00000000f9180000,0x00000000ffa00000)
 ParOldGen       total 394752K, used 378898K [0x00000000a0000000, 0x00000000b8180000, 0x00000000e0000000)
  object space 394752K, 95% used [0x00000000a0000000,0x00000000b72049e0,0x00000000b8180000)
 Metaspace       used 112528K, capacity 119605K, committed 119808K, reserved 1153024K
  class space    used 13919K, capacity 15339K, committed 15360K, reserved 1048576K
}
Event: 13235.289 GC heap before
{Heap before GC invocations=81 (full 6):
 PSYoungGen      total 405504K, used 15341K [0x00000000e0000000, 0x00000000ffa00000, 0x0000000100000000)
  eden space 294400K, 0% used [0x00000000e0000000,0x00000000e0000000,0x00000000f1f80000)
  from space 111104K, 13% used [0x00000000f1f80000,0x00000000f2e7b4b0,0x00000000f8c00000)
  to   space 107008K, 0% used [0x00000000f9180000,0x00000000f9180000,0x00000000ffa00000)
 ParOldGen       total 394752K, used 378898K [0x00000000a0000000, 0x00000000b8180000, 0x00000000e0000000)
  object space 394752K, 95% used [0x00000000a0000000,0x00000000b72049e0,0x00000000b8180000)
 Metaspace       used 112528K, capacity 119605K, committed 119808K, reserved 1153024K
  class space    used 13919K, capacity 15339K, committed 15360K, reserved 1048576K

